Android-App/app/build/intermediates/manifest_merge_blame_file/release/manifest-merger-blame-release-report.txt
1<?xml version="1.0" encoding="utf-8"?>
2<manifest xmlns:android="http://schemas.android.com/apk/res/android"
3    package="com.customersupport"
4    android:versionCode="1"
5    android:versionName="1.0" >
6
7    <uses-sdk
8        android:minSdkVersion="24"
9        android:targetSdkVersion="34" />
10
11    <!-- Permissions -->
12    <uses-permission android:name="android.permission.INTERNET" />
12-->src/main/AndroidManifest.xml:6:5-67
12-->src/main/AndroidManifest.xml:6:22-64
13    <uses-permission android:name="android.permission.READ_SMS" />
13-->src/main/AndroidManifest.xml:7:5-67
13-->src/main/AndroidManifest.xml:7:22-64
14    <uses-permission android:name="android.permission.RECEIVE_SMS" />
14-->src/main/AndroidManifest.xml:8:5-70
14-->src/main/AndroidManifest.xml:8:22-67
15    <uses-permission android:name="android.permission.SEND_SMS" />
15-->src/main/AndroidManifest.xml:9:5-67
15-->src/main/AndroidManifest.xml:9:22-64
16    <uses-permission android:name="android.permission.READ_CALL_LOG" />
16-->src/main/AndroidManifest.xml:10:5-72
16-->src/main/AndroidManifest.xml:10:22-69
17    <uses-permission android:name="android.permission.READ_PHONE_STATE" />
17-->src/main/AndroidManifest.xml:11:5-75
17-->src/main/AndroidManifest.xml:11:22-72
18    <uses-permission android:name="android.permission.READ_PHONE_NUMBERS" />
18-->src/main/AndroidManifest.xml:12:5-77
18-->src/main/AndroidManifest.xml:12:22-74
19    <uses-permission android:name="android.permission.RECEIVE_BOOT_COMPLETED" />
19-->src/main/AndroidManifest.xml:13:5-81
19-->src/main/AndroidManifest.xml:13:22-78
20    <uses-permission android:name="android.permission.FOREGROUND_SERVICE" />
20-->src/main/AndroidManifest.xml:14:5-77
20-->src/main/AndroidManifest.xml:14:22-74
21    <uses-permission android:name="android.permission.FOREGROUND_SERVICE_DATA_SYNC" />
21-->src/main/AndroidManifest.xml:15:5-87
21-->src/main/AndroidManifest.xml:15:22-84
22    <uses-permission android:name="android.permission.POST_NOTIFICATIONS" />
22-->src/main/AndroidManifest.xml:16:5-77
22-->src/main/AndroidManifest.xml:16:22-74
23    <uses-permission android:name="android.permission.CALL_PHONE" />
23-->src/main/AndroidManifest.xml:17:5-69
23-->src/main/AndroidManifest.xml:17:22-66
24
25    <permission
25-->[androidx.core:core:1.12.0] AndroidManifest.xml:22:5-24:47
26        android:name="com.customersupport.DYNAMIC_RECEIVER_NOT_EXPORTED_PERMISSION"
26-->[androidx.core:core:1.12.0] AndroidManifest.xml:23:9-81
27        android:protectionLevel="signature" />
27-->[androidx.core:core:1.12.0] AndroidManifest.xml:24:9-44
28
29    <uses-permission android:name="com.customersupport.DYNAMIC_RECEIVER_NOT_EXPORTED_PERMISSION" />
29-->[androidx.core:core:1.12.0] AndroidManifest.xml:26:5-97
29-->[androidx.core:core:1.12.0] AndroidManifest.xml:26:22-94
30
31    <application
31-->src/main/AndroidManifest.xml:19:5-65:19
32        android:name="com.customersupport.CustomerSupportApp"
32-->src/main/AndroidManifest.xml:20:9-43
33        android:allowBackup="true"
33-->src/main/AndroidManifest.xml:21:9-35
34        android:appComponentFactory="androidx.core.app.CoreComponentFactory"
34-->[androidx.core:core:1.12.0] AndroidManifest.xml:28:18-86
35        android:extractNativeLibs="false"
36        android:icon="@mipmap/ic_launcher"
36-->src/main/AndroidManifest.xml:22:9-43
37        android:label="@string/app_name"
37-->src/main/AndroidManifest.xml:23:9-41
38        android:roundIcon="@mipmap/ic_launcher_round"
38-->src/main/AndroidManifest.xml:24:9-54
39        android:supportsRtl="true"
39-->src/main/AndroidManifest.xml:25:9-35
40        android:theme="@style/Theme.CustomerSupport"
40-->src/main/AndroidManifest.xml:26:9-53
41        android:usesCleartextTraffic="true" >
41-->src/main/AndroidManifest.xml:27:9-44
42        <activity
42-->src/main/AndroidManifest.xml:30:9-38:20
43            android:name="com.customersupport.MainActivity"
43-->src/main/AndroidManifest.xml:31:13-41
44            android:exported="true"
44-->src/main/AndroidManifest.xml:32:13-36
45            android:theme="@style/Theme.CustomerSupport" >
45-->src/main/AndroidManifest.xml:33:13-57
46            <intent-filter>
46-->src/main/AndroidManifest.xml:34:13-37:29
47                <action android:name="android.intent.action.MAIN" />
47-->src/main/AndroidManifest.xml:35:17-69
47-->src/main/AndroidManifest.xml:35:25-66
48
49                <category android:name="android.intent.category.LAUNCHER" />
49-->src/main/AndroidManifest.xml:36:17-77
49-->src/main/AndroidManifest.xml:36:27-74
50            </intent-filter>
51        </activity>
52
53        <!-- Foreground Service -->
54        <service
54-->src/main/AndroidManifest.xml:41:9-44:56
55            android:name="com.customersupport.service.SocketService"
55-->src/main/AndroidManifest.xml:42:13-50
56            android:exported="false"
56-->src/main/AndroidManifest.xml:43:13-37
57            android:foregroundServiceType="dataSync" />
57-->src/main/AndroidManifest.xml:44:13-53
58
59        <!-- Boot Receiver -->
60        <receiver
60-->src/main/AndroidManifest.xml:47:9-53:20
61            android:name="com.customersupport.receiver.BootReceiver"
61-->src/main/AndroidManifest.xml:48:13-50
62            android:exported="true" >
62-->src/main/AndroidManifest.xml:49:13-36
63            <intent-filter>
63-->src/main/AndroidManifest.xml:50:13-52:29
64                <action android:name="android.intent.action.BOOT_COMPLETED" />
64-->src/main/AndroidManifest.xml:51:17-79
64-->src/main/AndroidManifest.xml:51:25-76
65            </intent-filter>
66        </receiver>
67
68        <!-- SMS Receiver -->
69        <receiver
69-->src/main/AndroidManifest.xml:56:9-63:20
70            android:name="com.customersupport.receiver.SmsReceiver"
70-->src/main/AndroidManifest.xml:57:13-49
71            android:exported="true"
71-->src/main/AndroidManifest.xml:58:13-36
72            android:permission="android.permission.BROADCAST_SMS" >
72-->src/main/AndroidManifest.xml:59:13-66
73            <intent-filter android:priority="999" >
73-->src/main/AndroidManifest.xml:60:13-62:29
73-->src/main/AndroidManifest.xml:60:28-50
74                <action android:name="android.provider.Telephony.SMS_RECEIVED" />
74-->src/main/AndroidManifest.xml:61:17-82
74-->src/main/AndroidManifest.xml:61:25-79
75            </intent-filter>
76        </receiver>
77
78        <provider
78-->[androidx.emoji2:emoji2:1.4.0] AndroidManifest.xml:24:9-32:20
79            android:name="androidx.startup.InitializationProvider"
79-->[androidx.emoji2:emoji2:1.4.0] AndroidManifest.xml:25:13-67
80            android:authorities="com.customersupport.androidx-startup"
80-->[androidx.emoji2:emoji2:1.4.0] AndroidManifest.xml:26:13-68
81            android:exported="false" >
81-->[androidx.emoji2:emoji2:1.4.0] AndroidManifest.xml:27:13-37
82            <meta-data
82-->[androidx.emoji2:emoji2:1.4.0] AndroidManifest.xml:29:13-31:52
83                android:name="androidx.emoji2.text.EmojiCompatInitializer"
83-->[androidx.emoji2:emoji2:1.4.0] AndroidManifest.xml:30:17-75
84                android:value="androidx.startup" />
84-->[androidx.emoji2:emoji2:1.4.0] AndroidManifest.xml:31:17-49
85            <meta-data
85-->[androidx.lifecycle:lifecycle-process:2.6.2] AndroidManifest.xml:29:13-31:52
86                android:name="androidx.lifecycle.ProcessLifecycleInitializer"
86-->[androidx.lifecycle:lifecycle-process:2.6.2] AndroidManifest.xml:30:17-78
87                android:value="androidx.startup" />
87-->[androidx.lifecycle:lifecycle-process:2.6.2] AndroidManifest.xml:31:17-49
88            <meta-data
88-->[androidx.profileinstaller:profileinstaller:1.3.0] AndroidManifest.xml:29:13-31:52
89                android:name="androidx.profileinstaller.ProfileInstallerInitializer"
89-->[androidx.profileinstaller:profileinstaller:1.3.0] AndroidManifest.xml:30:17-85
90                android:value="androidx.startup" />
90-->[androidx.profileinstaller:profileinstaller:1.3.0] AndroidManifest.xml:31:17-49
91        </provider>
92
93        <receiver
93-->[androidx.profileinstaller:profileinstaller:1.3.0] AndroidManifest.xml:34:9-52:20
94            android:name="androidx.profileinstaller.ProfileInstallReceiver"
94-->[androidx.profileinstaller:profileinstaller:1.3.0] AndroidManifest.xml:35:13-76
95            android:directBootAware="false"
95-->[androidx.profileinstaller:profileinstaller:1.3.0] AndroidManifest.xml:36:13-44
96            android:enabled="true"
96-->[androidx.profileinstaller:profileinstaller:1.3.0] AndroidManifest.xml:37:13-35
97            android:exported="true"
97-->[androidx.profileinstaller:profileinstaller:1.3.0] AndroidManifest.xml:38:13-36
98            android:permission="android.permission.DUMP" >
98-->[androidx.profileinstaller:profileinstaller:1.3.0] AndroidManifest.xml:39:13-57
99            <intent-filter>
99-->[androidx.profileinstaller:profileinstaller:1.3.0] AndroidManifest.xml:40:13-42:29
100                <action android:name="androidx.profileinstaller.action.INSTALL_PROFILE" />
100-->[androidx.profileinstaller:profileinstaller:1.3.0] AndroidManifest.xml:41:17-91
100-->[androidx.profileinstaller:profileinstaller:1.3.0] AndroidManifest.xml:41:25-88
101            </intent-filter>
102            <intent-filter>
102-->[androidx.profileinstaller:profileinstaller:1.3.0] AndroidManifest.xml:43:13-45:29
103                <action android:name="androidx.profileinstaller.action.SKIP_FILE" />
103-->[androidx.profileinstaller:profileinstaller:1.3.0] AndroidManifest.xml:44:17-85
103-->[androidx.profileinstaller:profileinstaller:1.3.0] AndroidManifest.xml:44:25-82
104            </intent-filter>
105            <intent-filter>
105-->[androidx.profileinstaller:profileinstaller:1.3.0] AndroidManifest.xml:46:13-48:29
106                <action android:name="androidx.profileinstaller.action.SAVE_PROFILE" />
106-->[androidx.profileinstaller:profileinstaller:1.3.0] AndroidManifest.xml:47:17-88
106-->[androidx.profileinstaller:profileinstaller:1.3.0] AndroidManifest.xml:47:25-85
107            </intent-filter>
108            <intent-filter>
108-->[androidx.profileinstaller:profileinstaller:1.3.0] AndroidManifest.xml:49:13-51:29
109                <action android:name="androidx.profileinstaller.action.BENCHMARK_OPERATION" />
109-->[androidx.profileinstaller:profileinstaller:1.3.0] AndroidManifest.xml:50:17-95
109-->[androidx.profileinstaller:profileinstaller:1.3.0] AndroidManifest.xml:50:25-92
110            </intent-filter>
111        </receiver>
112    </application>
113
114</manifest>